<?xml version="1.0" encoding="UTF-8"?>
<!-- Generated by org.testng.reporters.JUnitReportReporter -->
<testsuite hostname="GSV" failures="0" tests="1" name="com.qa.testscript.TC_Popup_03" time="3.835" errors="0" timestamp="2021-08-13T15:55:56 IST" skipped="0">
  <testcase classname="com.qa.testscript.TC_Popup_03" name="pop3" time="3.835"/>
  <system-out/>
</testsuite> <!-- com.qa.testscript.TC_Popup_03 -->
